[0m01:33:07.362377 [debug] [MainThread]: Sending event: {'category': 'dbt', 'action': 'invocation', 'label': 'start', 'context': [<snowplow_tracker.self_describing_json.SelfDescribingJson object at 0x0000027E290F1590>, <snowplow_tracker.self_describing_json.SelfDescribingJson object at 0x0000027E29378C10>, <snowplow_tracker.self_describing_json.SelfDescribingJson object at 0x0000027E2A435390>]}


============================== 01:33:07.376179 | 1c270853-9820-4d19-9c47-23e0e5d07740 ==============================
[0m01:33:07.376179 [info ] [MainThread]: Running with dbt=1.11.11
[0m01:33:07.380403 [debug] [MainThread]: running dbt with arguments {'static_parser': 'True', 'no_print': 'None', 'version_check': 'True', 'warn_error_options': 'WarnErrorOptionsV2(error=[], warn=[], silence=[])', 'target_path': 'None', 'printer_width': '80', 'write_json': 'True', 'introspect': 'True', 'log_cache_events': 'False', 'empty': 'None', 'cache_selected_only': 'False', 'log_format': 'default', 'debug': 'False', 'fail_fast': 'False', 'profiles_dir': 'C:\\Users\\USER\\.dbt', 'send_anonymous_usage_stats': 'True', 'quiet': 'False', 'warn_error': 'None', 'partial_parse': 'True', 'use_colors': 'True', 'invocation_command': 'dbt init labour_market_dbt', 'indirect_selection': 'eager', 'use_experimental_parser': 'False', 'log_path': 'logs'}
[0m01:33:07.449683 [info ] [MainThread]: Creating dbt configuration folder at C:\Users\USER\.dbt
[0m01:33:07.453886 [debug] [MainThread]: Starter project path: C:\Users\USER\AppData\Local\Programs\Python\Python311\Lib\site-packages\dbt\include\starter_project
[0m01:33:07.625965 [info ] [MainThread]: 
Your new dbt project "labour_market_dbt" was created!

For more information on how to configure the profiles.yml file,
please consult the dbt documentation here:

  https://docs.getdbt.com/docs/configure-your-profile

One more thing:

Need help? Don't hesitate to reach out to us via GitHub issues or on Slack:

  https://community.getdbt.com/

Happy modeling!

[0m01:33:07.627061 [info ] [MainThread]: Setting up your profile.
[0m01:36:24.214569 [debug] [MainThread]: Snowflake adapter: Setting snowflake.connector to ERROR (file logging only)
[0m01:36:24.215944 [debug] [MainThread]: Snowflake adapter: Setting botocore to ERROR (file logging only)
[0m01:36:24.217671 [debug] [MainThread]: Snowflake adapter: Setting boto3 to ERROR (file logging only)
[0m01:47:34.563239 [info ] [MainThread]: Profile labour_market_dbt written to C:\Users\USER\.dbt\profiles.yml using target's profile_template.yml and your supplied values. Run 'dbt debug' to validate the connection.
[0m01:47:34.569090 [debug] [MainThread]: Command `dbt init` succeeded at 01:47:34.568505 after 867.42 seconds
[0m01:47:34.571029 [debug] [MainThread]: Sending event: {'category': 'dbt', 'action': 'invocation', 'label': 'end', 'context': [<snowplow_tracker.self_describing_json.SelfDescribingJson object at 0x0000027E2941E4D0>, <snowplow_tracker.self_describing_json.SelfDescribingJson object at 0x0000027E2A47FED0>, <snowplow_tracker.self_describing_json.SelfDescribingJson object at 0x0000027E2A47FF90>]}
[0m01:47:34.577857 [debug] [MainThread]: Flushing usage events
[0m01:47:38.095834 [debug] [MainThread]: An error was encountered while trying to flush usage events
[0m00:37:46.977531 [debug] [MainThread]: Sending event: {'category': 'dbt', 'action': 'invocation', 'label': 'start', 'context': [<snowplow_tracker.self_describing_json.SelfDescribingJson object at 0x00000214BCC86310>, <snowplow_tracker.self_describing_json.SelfDescribingJson object at 0x00000214C0302B50>, <snowplow_tracker.self_describing_json.SelfDescribingJson object at 0x00000214C04C8350>]}


============================== 00:37:46.988092 | 8646ffa4-a6b7-41ef-83a5-66ff1def054a ==============================
[0m00:37:46.988092 [info ] [MainThread]: Running with dbt=1.11.11
[0m00:37:46.992206 [debug] [MainThread]: running dbt with arguments {'static_parser': 'True', 'no_print': 'None', 'version_check': 'True', 'target_path': 'None', 'warn_error_options': 'WarnErrorOptionsV2(error=[], warn=[], silence=[])', 'printer_width': '80', 'write_json': 'True', 'introspect': 'True', 'log_cache_events': 'False', 'empty': 'False', 'cache_selected_only': 'False', 'fail_fast': 'False', 'debug': 'False', 'log_format': 'default', 'profiles_dir': 'C:\\Users\\USER\\.dbt', 'send_anonymous_usage_stats': 'True', 'quiet': 'False', 'warn_error': 'None', 'partial_parse': 'True', 'invocation_command': 'dbt run', 'use_colors': 'True', 'indirect_selection': 'eager', 'use_experimental_parser': 'False', 'log_path': 'logs'}
[0m00:37:46.993755 [error] [MainThread]: Encountered an error:
Runtime Error
  No dbt_project.yml found at expected path C:\Users\USER\Desktop\Labour-Market-Pipeline\dbt_project.yml
  Verify that each entry within packages.yml (and their transitive dependencies) contains a file named dbt_project.yml
  
[0m00:37:46.995783 [debug] [MainThread]: Command `dbt run` failed at 00:37:46.995783 after 0.25 seconds
[0m00:37:46.996929 [debug] [MainThread]: Sending event: {'category': 'dbt', 'action': 'invocation', 'label': 'end', 'context': [<snowplow_tracker.self_describing_json.SelfDescribingJson object at 0x00000214C0302B50>, <snowplow_tracker.self_describing_json.SelfDescribingJson object at 0x00000214C055E490>, <snowplow_tracker.self_describing_json.SelfDescribingJson object at 0x00000214C055E590>]}
[0m00:37:46.997923 [debug] [MainThread]: Flushing usage events
[0m00:37:50.034098 [debug] [MainThread]: An error was encountered while trying to flush usage events
